VUE 报错：

npm ERR! code 1
npm ERR! path D:\XX\SourceCode\Declare\TYB\FAST_VUE\node_modules\node-sass
npm ERR! command failed
npm ERR! command C:\Windows\system32\cmd.exe /d /s /c node scripts/build.js
npm ERR! Building: C:\Program Files\nodejs\node.exe D:\XX\SourceCode\Declare\TYB\FAST_VUE\node_modules\node-gyp\bin\node-gyp.js rebuild --verbose --libsass_ext= --libsass_cflags= --libsass_ldflags= --libsass_library=
npm ERR! gyp info it worked if it ends with ok
npm ERR! gyp verb cli [
npm ERR! gyp verb cli   'C:\\Program Files\\nodejs\\node.exe',
npm ERR! gyp verb cli   'D:\\XX\\SourceCode\\Declare\\TYB\\FAST_VUE\\node_modules\\node-gyp\\bin\\node-gyp.js',
npm ERR! gyp verb cli   'rebuild',
npm ERR! gyp verb cli   '--verbose',
npm ERR! gyp verb cli   '--libsass_ext=',
npm ERR! gyp verb cli   '--libsass_cflags=',
npm ERR! gyp verb cli   '--libsass_ldflags=',
npm ERR! gyp verb cli   '--libsass_library='
npm ERR! gyp verb cli ]
npm ERR! gyp info using node-gyp@3.8.0
npm ERR! gyp info using node@16.13.0 | win32 | x64
npm ERR! gyp verb command rebuild []
npm ERR! gyp verb command clean []
npm ERR! gyp verb clean removing "build" directory
npm ERR! gyp verb command configure []
npm ERR! gyp verb check python checking for Python executable "python2" in the PATH
npm ERR! gyp verb `which` failed Error: not found: python2
npm ERR! gyp verb `which` failed     at getNotFoundError (D:\GitSourceCode\tgyth3\SourceCode\Declare\TYB\FAST_VUE\node_modules\which\which.js:13:12)
npm ERR! gyp verb `which` failed     at F (D:XX\SourceCode\Declare\TYB\FAST_VUE\node_modules\which\which.js:68:19)
npm ERR! gyp verb `which` failed     at E (D:\XX\SourceCode\Declare\TYB\FAST_VUE\node_modules\which\which.js:80:29)
npm ERR! gyp verb `which` failed     at D:\XX\SourceCode\Declare\TYB\FAST_VUE\node_modules\which\which.js:89:16
npm ERR! gyp verb `which` failed     at D:\XX\SourceCode\Declare\TYB\FAST_VUE\node_modules\isexe\index.js:42:5
npm ERR! gyp verb `which` failed     at D:\XX\SourceCode\Declare\TYB\FAST_VUE\node_modules\isexe\windows.js:36:5
npm ERR! gyp verb `which` failed     at FSReqCallback.oncomplete (node:fs:198:21)
npm ERR! gyp verb `which` failed  python2 Error: not found: python2
npm ERR! gyp verb `which` failed     at getNotFoundError (D:\XX\SourceCode\Declare\TYB\FAST_VUE\node_modules\which\which.js:13:12)
npm ERR! gyp verb `which` failed     at F (D:XX\SourceCode\Declare\TYB\FAST_VUE\node_modules\which\which.js:68:19)
npm ERR! gyp verb `which` failed     at E (D:\XX\SourceCode\Declare\TYB\FAST_VUE\node_modules\which\which.js:80:29)
npm ERR! gyp verb `which` failed     at D:\XX\SourceCode\Declare\TYB\FAST_VUE\node_modules\which\which.js:89:16
npm ERR! gyp verb `which` failed     at D:\XX\SourceCode\Declare\TYB\FAST_VUE\node_modules\isexe\index.js:42:5
npm ERR! gyp verb `which` failed     at D:\XX\SourceCode\Declare\TYB\FAST_VUE\node_modules\isexe\windows.js:36:5
npm ERR! gyp verb `which` failed     at FSReqCallback.oncomplete (node:fs:198:21) {
npm ERR! gyp verb `which` failed   code: 'ENOENT'
npm ERR! gyp verb `which` failed }
npm ERR! gyp verb check python checking for Python executable "python" in the PATH
npm ERR! gyp verb `which` succeeded python C:\Python\python.EXE
npm ERR! gyp ERR! configure error
npm ERR! gyp ERR! stack Error: Command failed: C:\Python\python.EXE -c import sys; print "%s.%s.%s" % sys.version_info[:3];
npm ERR! gyp ERR! stack   File "<string>", line 1
npm ERR! gyp ERR! stack     import sys; print "%s.%s.%s" % sys.version_info[:3];
npm ERR! gyp ERR! stack SyntaxError: invalid syntax
npm ERR! gyp ERR! stack
npm ERR! gyp ERR! stack     at ChildProcess.exithandler (node:child_process:397:12)
npm ERR! gyp ERR! stack     at ChildProcess.emit (node:events:390:28)
npm ERR! gyp ERR! stack     at Process.ChildProcess._handle.onexit (node:internal/child_process:301:5)
npm ERR! gyp ERR! System Windows_NT 10.0.18363
npm ERR! gyp ERR! command "C:\\Program Files\\nodejs\\node.exe" "D:\\XX\\SourceCode\\Declare\\TYB\\FAST_VUE\\node_modules\\node-gyp\\bin\\node-gyp.js" "rebuild" "--verbose" "--libsass_ext=" "--libsass_cflags=" "--libsass_ldflags=" "--libsass_library="
npm ERR! gyp ERR! cwd D:\XX\SourceCode\Declare\TYB\FAST_VUE\node_modules\node-sass
npm ERR! gyp ERR! node -v v16.13.0
npm ERR! gyp ERR! node-gyp -v v3.8.0
npm ERR! gyp ERR! not ok
npm ERR! Build failed with error code: 1

npm ERR! A complete log of this run can be found in:
npm ERR!     C:\Users\Administrator\AppData\Local\npm-cache\_logs\2021-11-18T05_27_50_984Z-debug.log

解决方案：

出现这个原因是因为node环境没有配置python安装路径 或 版本不对 我就是安装了最新 3.10 不行 一定要 python27

python27 下载路径

https://www.python.org/download/releases/2.7/

设置环境变量：

在重新安装就可以了

