系统：Centos-7.3

数据库：Mysql-5.7.29

Jumpserver：1.5.9

Nginx：1.18.0

Python：3.6.8

步骤均按照官方文档操作

部署jumpserver环境时遇到报错

Collecting ldap
  Downloading ldap-2.0.0.404.tar.gz (2.0 kB)
Building wheels for collected packages: ldap
  Building wheel for ldap (setup.py) ... error
  ERROR: Command errored out with exit status 1:
   command: /opt/py3/bin/python3.6 -u -c 'import sys, setuptools, tokenize; sys.argv[0] = '"'"'/tmp/pip-install-49xc7mih/ldap/setup.py'"'"'; __file__='"'"'/tmp/pip-install-49xc7mih/ldap/setup.py'"'"';f=getattr(tokenize, '"'"'open'"'"', open)(__file__);code=f.read().replace('"'"'\r\n'"'"', '"'"'\n'"'"');f.close();exec(compile(code, __file__, '"'"'exec'"'"'))' bdist_wheel -d /tmp/pip-wheel-363pkh43
       cwd: /tmp/pip-install-49xc7mih/ldap/
  Complete output (84 lines):
  running bdist_wheel
  running build
  running build_py
  ------------------------------------------------------------------------
  # `ldap` on PyPI
  
  This dummy project is not installable.
  You probably want `python-ldap` instead.
  
  
  ### python-ldap
  
  The widely used [python-ldap](https://python-ldap.org) project provides
  an importable module named `ldap`.
  
  This goes against the convention that PyPI distribution names should
  match the module names.
  But, python-ldap pre-dates wide use of that convention, and the issue
  is hard to fix now.
  
  Please install `python-ldap` to get the LDAP bindings.
  
  
  ### ldap 1.0
  
  The `ldap` name on PyPI was used for an unrelated collection of
  LDAP-related utilities, which is not as popular, and confused users who
  install `ldap` to get the `ldap` module.
  
  The project is no longer developed.
  It is archived as `1.0.x` releases on PyPI, and on
  [GitHub](https://github.com/andreif/ldap).
  
  
  ## Why we don't fix this transparently
  
  This could have been a placeholder  package that depends on `python-ldap`,
  saving you the trouble of reading this message.
  
  However, `pip` [has trouble](https://github.com/pypa/pip/issues/4961)
  with differently-named packages that provide the same module.
  
  
  ## Please: Don't install packages blindly
  
  When you see the exception:

ModuleNotFoundError: No module named 'foo'

… please research the actual requirements instead of going directly for
`pip install foo`.
The project (distribution) name may differ from the module(s) it
provides.

------------------------------------------------------------------------
Traceback (most recent call last):
  File "<string>", line 1, in <module>
  File "/tmp/pip-install-49xc7mih/ldap/setup.py", line 37, in <module>
    zip_safe=False,
  File "/opt/py3/lib64/python3.6/site-packages/setuptools/__init__.py", line 144, in setup
    return distutils.core.setup(**attrs)
  File "/usr/lib64/python3.6/distutils/core.py", line 148, in setup
    dist.run_commands()
  File "/usr/lib64/python3.6/distutils/dist.py", line 955, in run_commands
    self.run_command(cmd)
  File "/usr/lib64/python3.6/distutils/dist.py", line 974, in run_command
    cmd_obj.run()
  File "/opt/py3/lib64/python3.6/site-packages/wheel/bdist_wheel.py", line 223, in run
    self.run_command('build')
  File "/usr/lib64/python3.6/distutils/cmd.py", line 313, in run_command
    self.distribution.run_command(command)
  File "/usr/lib64/python3.6/distutils/dist.py", line 974, in run_command
    cmd_obj.run()
  File "/usr/lib64/python3.6/distutils/command/build.py", line 135, in run
    self.run_command(cmd_name)
  File "/usr/lib64/python3.6/distutils/cmd.py", line 313, in run_command
    self.distribution.run_command(command)
  File "/usr/lib64/python3.6/distutils/dist.py", line 974, in run_command
    cmd_obj.run()
  File "/tmp/pip-install-49xc7mih/ldap/setup.py", line 19, in run
    '"ldap" is not installable. You probably want python-ldap.'
ValueError: "ldap" is not installable. You probably want python-ldap.
----------------------------------------
ERROR: Failed building wheel for ldap
Running setup.py clean for ldap
Failed to build ldap
Installing collected packages: ldap
  Running setup.py install for ldap ... error
  ERROR: Command errored out with exit status 1:
   command: /opt/py3/bin/python3.6 -u -c 'import sys, setuptools, tokenize; sys.argv[0] = '"'"'/tmp/pip-install-49xc7mih/ldap/setup.py'"'"'; __file__='"'"'/tmp/pip-install-49xc7mih/ldap/setup.py'"'"';f=getattr(tokenize, '"'"'open'"'"', open)(__file__);code=f.read().replace('"'"'\r\n'"'"', '"'"'\n'"'"');f.close();exec(compile(code, __file__, '"'"'exec'"'"'))' install --record /tmp/pip-record-fxs7g8sk/install-record.txt --single-version-externally-managed --compile --install-headers /opt/py3/include/site/python3.6/ldap
       cwd: /tmp/pip-install-49xc7mih/ldap/
  Complete output (86 lines):
  running install
  running build
  running build_py
  ------------------------------------------------------------------------
  # `ldap` on PyPI
  
  This dummy project is not installable.
  You probably want `python-ldap` instead.
  
  
  ### python-ldap
  
  The widely used [python-ldap](https://python-ldap.org) project provides
  an importable module named `ldap`.
  
  This goes against the convention that PyPI distribution names should
  match the module names.
  But, python-ldap pre-dates wide use of that convention, and the issue
  is hard to fix now.
  
  Please install `python-ldap` to get the LDAP bindings.
  
  
  ### ldap 1.0
  
  The `ldap` name on PyPI was used for an unrelated collection of
  LDAP-related utilities, which is not as popular, and confused users who
  install `ldap` to get the `ldap` module.
  
  The project is no longer developed.
  It is archived as `1.0.x` releases on PyPI, and on
  [GitHub](https://github.com/andreif/ldap).
  
  
  ## Why we don't fix this transparently
  
  This could have been a placeholder  package that depends on `python-ldap`,
  saving you the trouble of reading this message.
  
  However, `pip` [has trouble](https://github.com/pypa/pip/issues/4961)
  with differently-named packages that provide the same module.
  
  
  ## Please: Don't install packages blindly
  
  When you see the exception:
  
  ```
  ModuleNotFoundError: No module named 'foo'
  ```
  
  … please research the actual requirements instead of going directly for
  `pip install foo`.
  The project (distribution) name may differ from the module(s) it
  provides.
  
  ------------------------------------------------------------------------
  Traceback (most recent call last):
    File "<string>", line 1, in <module>
    File "/tmp/pip-install-49xc7mih/ldap/setup.py", line 37, in <module>
      zip_safe=False,
    File "/opt/py3/lib64/python3.6/site-packages/setuptools/__init__.py", line 144, in setup
      return distutils.core.setup(**attrs)
    File "/usr/lib64/python3.6/distutils/core.py", line 148, in setup
      dist.run_commands()
    File "/usr/lib64/python3.6/distutils/dist.py", line 955, in run_commands
      self.run_command(cmd)
    File "/usr/lib64/python3.6/distutils/dist.py", line 974, in run_command
      cmd_obj.run()
    File "/opt/py3/lib64/python3.6/site-packages/setuptools/command/install.py", line 61, in run
      return orig.install.run(self)
    File "/usr/lib64/python3.6/distutils/command/install.py", line 556, in run
      self.run_command('build')
    File "/usr/lib64/python3.6/distutils/cmd.py", line 313, in run_command
      self.distribution.run_command(command)
    File "/usr/lib64/python3.6/distutils/dist.py", line 974, in run_command
      cmd_obj.run()
    File "/usr/lib64/python3.6/distutils/command/build.py", line 135, in run
      self.run_command(cmd_name)
    File "/usr/lib64/python3.6/distutils/cmd.py", line 313, in run_command
      self.distribution.run_command(command)
    File "/usr/lib64/python3.6/distutils/dist.py", line 974, in run_command
      cmd_obj.run()
    File "/tmp/pip-install-49xc7mih/ldap/setup.py", line 19, in run
      '"ldap" is not installable. You probably want python-ldap.'
  ValueError: "ldap" is not installable. You probably want python-ldap.
  ----------------------------------------
ERROR: Command errored out with exit status 1: /opt/py3/bin/python3.6 -u -c 'import sys, setuptools, tokenize; sys.argv[0] = '"'"'/tmp/pip-install-49xc7mih/ldap/setup.py'"'"'; __file__='"'"'/tmp/pip-install-49xc7mih/ldap/setup.py'"'"';f=getattr(tokenize, '"'"'open'"'"', open)(__file__);code=f.read().replace('"'"'\r\n'"'"', '"'"'\n'"'"');f.close();exec(compile(code, __file__, '"'"'exec'"'"'))' install --record /tmp/pip-record-fxs7g8sk/install-record.txt --single-version-externally-managed --compile --install-headers /opt/py3/include/site/python3.6/ldap Check the logs for full command output.

查看报错是LDAP环境无法安装，经排查是Python插件没有装上

yum -y install python3-devel

启动Jumpserver服务时提示的错误

(py3) [root@XX-T-LNMP2 jumpserver]# ./jms start
2020-05-28 14:42:23 Thu May 28 14:42:23 2020
2020-05-28 14:42:23 Jumpserver version 1.5.9, more see https://www.jumpserver.org

- Start Gunicorn WSGI HTTP Server
2020-05-28 14:42:23 Check database connection ...
Traceback (most recent call last):
  File "/opt/py3/lib64/python3.6/site-packages/django/db/backends/mysql/base.py", line 15, in <module>
    import MySQLdb as Database
  File "/opt/py3/lib64/python3.6/site-packages/MySQLdb/__init__.py", line 18, in <module>
    import _mysql
ImportError: libmysqlclient.so.20: cannot open shared object file: No such file or directory

The above exception was the direct cause of the following exception:

Traceback (most recent call last):
  File "manage.py", line 28, in <module>
    execute_from_command_line(sys.argv)
  File "/opt/py3/lib64/python3.6/site-packages/django/core/management/__init__.py", line 381, in execute_from_command_line
    utility.execute()
  File "/opt/py3/lib64/python3.6/site-packages/django/core/management/__init__.py", line 357, in execute
    django.setup()
  File "/opt/py3/lib64/python3.6/site-packages/django/__init__.py", line 24, in setup
    apps.populate(settings.INSTALLED_APPS)
  File "/opt/py3/lib64/python3.6/site-packages/django/apps/registry.py", line 114, in populate
    app_config.import_models()
  File "/opt/py3/lib64/python3.6/site-packages/django/apps/config.py", line 211, in import_models
    self.models_module = import_module(models_module_name)
  File "/usr/lib64/python3.6/importlib/__init__.py", line 126, in import_module
    return _bootstrap._gcd_import(name[level:], package, level)
  File "<frozen importlib._bootstrap>", line 994, in _gcd_import
  File "<frozen importlib._bootstrap>", line 971, in _find_and_load
  File "<frozen importlib._bootstrap>", line 955, in _find_and_load_unlocked
  File "<frozen importlib._bootstrap>", line 665, in _load_unlocked
  File "<frozen importlib._bootstrap_external>", line 678, in exec_module
  File "<frozen importlib._bootstrap>", line 219, in _call_with_frames_removed
  File "/opt/jumpserver/apps/orgs/models.py", line 10, in <module>
    class Organization(models.Model):
  File "/opt/py3/lib64/python3.6/site-packages/django/db/models/base.py", line 117, in __new__
    new_class.add_to_class('_meta', Options(meta, app_label))
  File "/opt/py3/lib64/python3.6/site-packages/django/db/models/base.py", line 321, in add_to_class
    value.contribute_to_class(cls, name)
  File "/opt/py3/lib64/python3.6/site-packages/django/db/models/options.py", line 204, in contribute_to_class
    self.db_table = truncate_name(self.db_table, connection.ops.max_name_length())
  File "/opt/py3/lib64/python3.6/site-packages/django/db/__init__.py", line 28, in __getattr__
    return getattr(connections[DEFAULT_DB_ALIAS], item)
  File "/opt/py3/lib64/python3.6/site-packages/django/db/utils.py", line 201, in __getitem__
    backend = load_backend(db['ENGINE'])
  File "/opt/py3/lib64/python3.6/site-packages/django/db/utils.py", line 110, in load_backend
    return import_module('%s.base' % backend_name)
  File "/usr/lib64/python3.6/importlib/__init__.py", line 126, in import_module
    return _bootstrap._gcd_import(name[level:], package, level)
  File "<frozen importlib._bootstrap>", line 994, in _gcd_import
  File "<frozen importlib._bootstrap>", line 971, in _find_and_load
  File "<frozen importlib._bootstrap>", line 955, in _find_and_load_unlocked
  File "<frozen importlib._bootstrap>", line 665, in _load_unlocked
  File "<frozen importlib._bootstrap_external>", line 678, in exec_module
  File "<frozen importlib._bootstrap>", line 219, in _call_with_frames_removed
  File "/opt/py3/lib64/python3.6/site-packages/django/db/backends/mysql/base.py", line 20, in <module>
    ) from err
django.core.exceptions.ImproperlyConfigured: Error loading MySQLdb module.
Did you install mysqlclient?


根据报错是mysqlclient没有安装，查看插件已安装；

(py3) [root@XX-T-LNMP2 jumpserver]# pip install mysqlclient
Looking in indexes: https://mirrors.aliyun.com/pypi/simple
Requirement already satisfied: mysqlclient in /opt/py3/lib/python3.6/site-packages (1.3.14)


看第一行报错是找不到libmysqlclient.so.20文件，编译安装的mysql 具体文件不知道在哪， 用find查找做个超链在后在启动，成功

(py3) [root@XX-T-LNMP2 jumpserver]# find / -name *libmysqlclient.so.20*
/usr/local/mysql/lib/libmysqlclient.so.20.3.16
/usr/local/mysql/lib/libmysqlclient.so.20
/opt/mysql-5.7.29/libmysql/libmysqlclient.so.20.3.16
/opt/mysql-5.7.29/libmysql/libmysqlclient.so.20
(py3) [root@XX-T-LNMP2 jumpserver]# ln -s /opt/mysql-5.7.29/libmysql/libmysqlclient.so.20.3.16 /usr/lib64/libmysqlclient.so.20.3.16
(py3) [root@XX-T-LNMP2 jumpserver]# ln -s /opt/mysql-5.7.29/libmysql/libmysqlclient.so.20 /usr/lib64/libmysqlclient.so.20
(py3) [root@XX-T-LNMP2 jumpserver]# ./jms start

